11-08-2023 13:12:39 INFO  TestListener:34 - *****************************************************************************************
11-08-2023 13:12:39 INFO  TestListener:35 - 	Scenario: Test Create Issue APIs --> PASSED
11-08-2023 13:12:39 INFO  TestListener:36 - *****************************************************************************************
11-08-2023 13:12:40 INFO  TestListener:34 - *****************************************************************************************
11-08-2023 13:12:40 INFO  TestListener:35 - 	Scenario: Test Create Issue APIs --> PASSED
11-08-2023 13:12:40 INFO  TestListener:36 - *****************************************************************************************
11-08-2023 13:12:40 INFO  TestListener:34 - *****************************************************************************************
11-08-2023 13:12:40 INFO  TestListener:35 - 	Scenario: Create Store using input values from examples --> FAILED
11-08-2023 13:12:40 INFO  TestListener:36 - *****************************************************************************************
11-08-2023 13:12:40 INFO  TestListener:34 - *****************************************************************************************
11-08-2023 13:12:40 INFO  TestListener:35 - 	Scenario: Create Store using input values from examples --> FAILED
11-08-2023 13:12:40 INFO  TestListener:36 - *****************************************************************************************
11-08-2023 13:12:40 INFO  TestListener:34 - *****************************************************************************************
11-08-2023 13:12:40 INFO  TestListener:35 - 	Scenario: Create Store using input from json file --> FAILED
11-08-2023 13:12:40 INFO  TestListener:36 - *****************************************************************************************
11-08-2023 13:12:42 INFO  TestListener:34 - *****************************************************************************************
11-08-2023 13:12:42 INFO  TestListener:35 - 	Scenario: Generate a single random number using single range --> FAILED
11-08-2023 13:12:42 INFO  TestListener:36 - *****************************************************************************************
11-08-2023 13:12:42 INFO  TestListener:34 - *****************************************************************************************
11-08-2023 13:12:42 INFO  TestListener:35 - 	Scenario: Generate multiple random numbers --> FAILED
11-08-2023 13:12:42 INFO  TestListener:36 - *****************************************************************************************
11-08-2023 13:12:42 INFO  TestListener:34 - *****************************************************************************************
11-08-2023 13:12:42 INFO  TestListener:35 - 	Scenario: Generate multiple random numbers --> FAILED
11-08-2023 13:12:42 INFO  TestListener:36 - *****************************************************************************************
11-08-2023 13:12:42 INFO  TestListener:34 - *****************************************************************************************
11-08-2023 13:12:42 INFO  TestListener:35 - 	Scenario: Generate multiple random numbers --> FAILED
11-08-2023 13:12:42 INFO  TestListener:36 - *****************************************************************************************
11-08-2023 13:12:42 INFO  TestListener:34 - *****************************************************************************************
11-08-2023 13:12:42 INFO  TestListener:35 - 	Scenario: Verify single store details using its id --> FAILED
11-08-2023 13:12:42 INFO  TestListener:36 - *****************************************************************************************
11-08-2023 13:12:42 INFO  TestListener:34 - *****************************************************************************************
11-08-2023 13:12:42 INFO  TestListener:35 - 	Scenario: Delete a store using its id --> FAILED
11-08-2023 13:12:42 INFO  TestListener:36 - *****************************************************************************************
11-08-2023 13:12:42 INFO  TestListener:34 - *****************************************************************************************
11-08-2023 13:12:42 INFO  TestListener:35 - 	Scenario: Get All Stores --> FAILED
11-08-2023 13:12:42 INFO  TestListener:36 - *****************************************************************************************
11-08-2023 13:12:42 INFO  TestListener:34 - *****************************************************************************************
11-08-2023 13:12:42 INFO  TestListener:35 - 	Scenario: Get A Single Store Details --> FAILED
11-08-2023 13:12:42 INFO  TestListener:36 - *****************************************************************************************
11-08-2023 13:12:42 INFO  TestListener:34 - *****************************************************************************************
11-08-2023 13:12:42 INFO  TestListener:35 - 	Scenario: Invoke the store API with limit --> FAILED
11-08-2023 13:12:42 INFO  TestListener:36 - *****************************************************************************************
11-08-2023 13:12:42 INFO  TestListener:34 - *****************************************************************************************
11-08-2023 13:12:42 INFO  TestListener:35 - 	Scenario: Invoke the store API with limit --> FAILED
11-08-2023 13:12:42 INFO  TestListener:36 - *****************************************************************************************
11-08-2023 13:12:42 INFO  TestListener:34 - *****************************************************************************************
11-08-2023 13:12:42 INFO  TestListener:35 - 	Scenario: Invoke the store API with limit --> FAILED
11-08-2023 13:12:42 INFO  TestListener:36 - *****************************************************************************************
11-08-2023 13:12:43 WARN  FileSystemFontProvider:607 - New fonts found, font cache will be re-built
11-08-2023 13:12:43 WARN  FileSystemFontProvider:360 - Building on-disk font cache, this may take a while
11-08-2023 13:12:43 WARN  FileSystemFontProvider:363 - Finished building on-disk font cache, found 428 fonts
11-08-2023 13:13:57 INFO  TestListener:34 - *****************************************************************************************
11-08-2023 13:13:57 INFO  TestListener:35 - 	Scenario: Create Store using input from json file --> FAILED
11-08-2023 13:13:57 INFO  TestListener:36 - *****************************************************************************************
11-08-2023 13:13:57 INFO  TestListener:34 - *****************************************************************************************
11-08-2023 13:13:57 INFO  TestListener:35 - 	Scenario: Get A Single Store Details --> FAILED
11-08-2023 13:13:57 INFO  TestListener:36 - *****************************************************************************************
11-08-2023 13:14:43 INFO  TestListener:34 - *****************************************************************************************
11-08-2023 13:14:43 INFO  TestListener:35 - 	Scenario: Get All Stores --> FAILED
11-08-2023 13:14:43 INFO  TestListener:36 - *****************************************************************************************
11-08-2023 13:15:23 INFO  TestListener:34 - *****************************************************************************************
11-08-2023 13:15:23 INFO  TestListener:35 - 	Scenario: Test Create Issue APIs --> PASSED
11-08-2023 13:15:23 INFO  TestListener:36 - *****************************************************************************************
11-08-2023 13:15:48 INFO  TestListener:34 - *****************************************************************************************
11-08-2023 13:15:48 INFO  TestListener:35 - 	Scenario: Test Create Issue APIs --> PASSED
11-08-2023 13:15:48 INFO  TestListener:36 - *****************************************************************************************
11-08-2023 13:19:52 INFO  TestListener:34 - *****************************************************************************************
11-08-2023 13:19:52 INFO  TestListener:35 - 	Scenario: Test Create Issue APIs --> UNDEFINED
11-08-2023 13:19:52 INFO  TestListener:36 - *****************************************************************************************
11-08-2023 13:19:52 INFO  TestListener:34 - *****************************************************************************************
11-08-2023 13:19:52 INFO  TestListener:35 - 	Scenario: Test Create Issue APIs --> UNDEFINED
11-08-2023 13:19:52 INFO  TestListener:36 - *****************************************************************************************
11-08-2023 13:24:46 INFO  TestListener:34 - *****************************************************************************************
11-08-2023 13:24:46 INFO  TestListener:35 - 	Scenario: Test Create Issue APIs --> UNDEFINED
11-08-2023 13:24:46 INFO  TestListener:36 - *****************************************************************************************
11-08-2023 13:24:46 INFO  TestListener:34 - *****************************************************************************************
11-08-2023 13:24:46 INFO  TestListener:35 - 	Scenario: Test Create Issue APIs --> UNDEFINED
11-08-2023 13:24:46 INFO  TestListener:36 - *****************************************************************************************
11-08-2023 13:27:56 INFO  TestListener:34 - *****************************************************************************************
11-08-2023 13:27:56 INFO  TestListener:35 - 	Scenario: Test Create Issue APIs --> UNDEFINED
11-08-2023 13:27:56 INFO  TestListener:36 - *****************************************************************************************
11-08-2023 13:27:56 INFO  TestListener:34 - *****************************************************************************************
11-08-2023 13:27:56 INFO  TestListener:35 - 	Scenario: Test Create Issue APIs --> UNDEFINED
11-08-2023 13:27:56 INFO  TestListener:36 - *****************************************************************************************
11-08-2023 13:30:50 INFO  TestListener:34 - *****************************************************************************************
11-08-2023 13:30:50 INFO  TestListener:35 - 	Scenario: Test Create Issue APIs --> UNDEFINED
11-08-2023 13:30:50 INFO  TestListener:36 - *****************************************************************************************
11-08-2023 13:30:51 INFO  TestListener:34 - *****************************************************************************************
11-08-2023 13:30:51 INFO  TestListener:35 - 	Scenario: Test Create Issue APIs --> UNDEFINED
11-08-2023 13:30:51 INFO  TestListener:36 - *****************************************************************************************
11-08-2023 13:31:59 INFO  TestListener:34 - *****************************************************************************************
11-08-2023 13:31:59 INFO  TestListener:35 - 	Scenario: Test Create Issue APIs --> FAILED
11-08-2023 13:31:59 INFO  TestListener:36 - *****************************************************************************************
11-08-2023 13:32:00 INFO  TestListener:34 - *****************************************************************************************
11-08-2023 13:32:00 INFO  TestListener:35 - 	Scenario: Test Create Issue APIs --> FAILED
11-08-2023 13:32:00 INFO  TestListener:36 - *****************************************************************************************
11-08-2023 13:33:39 INFO  TestListener:34 - *****************************************************************************************
11-08-2023 13:33:39 INFO  TestListener:35 - 	Scenario: Test Create Issue APIs --> PASSED
11-08-2023 13:33:39 INFO  TestListener:36 - *****************************************************************************************
11-08-2023 13:33:40 INFO  TestListener:34 - *****************************************************************************************
11-08-2023 13:33:40 INFO  TestListener:35 - 	Scenario: Test Create Issue APIs --> PASSED
11-08-2023 13:33:40 INFO  TestListener:36 - *****************************************************************************************
11-08-2023 13:34:28 INFO  TestListener:34 - *****************************************************************************************
11-08-2023 13:34:28 INFO  TestListener:35 - 	Scenario: Test Create Issue APIs --> PASSED
11-08-2023 13:34:28 INFO  TestListener:36 - *****************************************************************************************
11-08-2023 13:34:29 INFO  TestListener:34 - *****************************************************************************************
11-08-2023 13:34:29 INFO  TestListener:35 - 	Scenario: Test Create Issue APIs --> PASSED
11-08-2023 13:34:29 INFO  TestListener:36 - *****************************************************************************************
11-08-2023 13:40:22 INFO  TestListener:34 - *****************************************************************************************
11-08-2023 13:40:22 INFO  TestListener:35 - 	Scenario: Test Create Issue APIs --> PASSED
11-08-2023 13:40:22 INFO  TestListener:36 - *****************************************************************************************
11-08-2023 13:40:23 INFO  TestListener:34 - *****************************************************************************************
11-08-2023 13:40:23 INFO  TestListener:35 - 	Scenario: Test Create Issue APIs --> PASSED
11-08-2023 13:40:23 INFO  TestListener:36 - *****************************************************************************************
13-08-2023 10:34:57 INFO  TestListener:34 - *****************************************************************************************
13-08-2023 10:34:57 INFO  TestListener:35 - 	Scenario: Test Create Issue APIs --> PASSED
13-08-2023 10:34:57 INFO  TestListener:36 - *****************************************************************************************
13-08-2023 10:34:58 INFO  TestListener:34 - *****************************************************************************************
13-08-2023 10:34:58 INFO  TestListener:35 - 	Scenario: Test Create Issue APIs --> PASSED
13-08-2023 10:34:58 INFO  TestListener:36 - *****************************************************************************************
13-08-2023 10:36:31 INFO  TestListener:34 - *****************************************************************************************
13-08-2023 10:36:31 INFO  TestListener:35 - 	Scenario: Test Create Issue APIs --> FAILED
13-08-2023 10:36:31 INFO  TestListener:36 - *****************************************************************************************
13-08-2023 10:36:32 INFO  TestListener:34 - *****************************************************************************************
13-08-2023 10:36:32 INFO  TestListener:35 - 	Scenario: Test Create Issue APIs --> FAILED
13-08-2023 10:36:32 INFO  TestListener:36 - *****************************************************************************************
13-08-2023 10:39:29 INFO  TestListener:34 - *****************************************************************************************
13-08-2023 10:39:29 INFO  TestListener:35 - 	Scenario: Test Create Issue APIs --> FAILED
13-08-2023 10:39:29 INFO  TestListener:36 - *****************************************************************************************
13-08-2023 10:39:29 INFO  TestListener:34 - *****************************************************************************************
13-08-2023 10:39:29 INFO  TestListener:35 - 	Scenario: Test Create Issue APIs --> FAILED
13-08-2023 10:39:29 INFO  TestListener:36 - *****************************************************************************************
13-08-2023 10:43:43 INFO  TestListener:34 - *****************************************************************************************
13-08-2023 10:43:43 INFO  TestListener:35 - 	Scenario: Test Create Issue APIs --> FAILED
13-08-2023 10:43:43 INFO  TestListener:36 - *****************************************************************************************
13-08-2023 10:43:43 INFO  TestListener:34 - *****************************************************************************************
13-08-2023 10:43:43 INFO  TestListener:35 - 	Scenario: Test Create Issue APIs --> FAILED
13-08-2023 10:43:43 INFO  TestListener:36 - *****************************************************************************************
14-08-2023 10:22:10 INFO  TestListener:34 - *****************************************************************************************
14-08-2023 10:22:10 INFO  TestListener:35 - 	Scenario: Test Create Issue APIs --> FAILED
14-08-2023 10:22:10 INFO  TestListener:36 - *****************************************************************************************
14-08-2023 10:22:10 INFO  TestListener:34 - *****************************************************************************************
14-08-2023 10:22:10 INFO  TestListener:35 - 	Scenario: Test Create Issue APIs --> FAILED
14-08-2023 10:22:10 INFO  TestListener:36 - *****************************************************************************************
14-08-2023 10:24:54 INFO  TestListener:34 - *****************************************************************************************
14-08-2023 10:24:54 INFO  TestListener:35 - 	Scenario: Test Create Issue APIs --> FAILED
14-08-2023 10:24:54 INFO  TestListener:36 - *****************************************************************************************
14-08-2023 10:24:54 INFO  TestListener:34 - *****************************************************************************************
14-08-2023 10:24:54 INFO  TestListener:35 - 	Scenario: Test Create Issue APIs --> FAILED
14-08-2023 10:24:54 INFO  TestListener:36 - *****************************************************************************************
14-08-2023 10:25:44 INFO  TestListener:34 - *****************************************************************************************
14-08-2023 10:25:44 INFO  TestListener:35 - 	Scenario: Test Create Issue APIs --> FAILED
14-08-2023 10:25:44 INFO  TestListener:36 - *****************************************************************************************
14-08-2023 10:25:44 INFO  TestListener:34 - *****************************************************************************************
14-08-2023 10:25:44 INFO  TestListener:35 - 	Scenario: Test Create Issue APIs --> FAILED
14-08-2023 10:25:44 INFO  TestListener:36 - *****************************************************************************************
14-08-2023 10:27:16 INFO  TestListener:34 - *****************************************************************************************
14-08-2023 10:27:16 INFO  TestListener:35 - 	Scenario: Test Create Issue APIs --> FAILED
14-08-2023 10:27:16 INFO  TestListener:36 - *****************************************************************************************
14-08-2023 10:27:16 INFO  TestListener:34 - *****************************************************************************************
14-08-2023 10:27:16 INFO  TestListener:35 - 	Scenario: Test Create Issue APIs --> FAILED
14-08-2023 10:27:16 INFO  TestListener:36 - *****************************************************************************************
14-08-2023 10:27:41 INFO  TestListener:34 - *****************************************************************************************
14-08-2023 10:27:41 INFO  TestListener:35 - 	Scenario: Test Create Issue APIs --> FAILED
14-08-2023 10:27:41 INFO  TestListener:36 - *****************************************************************************************
14-08-2023 10:27:41 INFO  TestListener:34 - *****************************************************************************************
14-08-2023 10:27:41 INFO  TestListener:35 - 	Scenario: Test Create Issue APIs --> FAILED
14-08-2023 10:27:41 INFO  TestListener:36 - *****************************************************************************************
14-08-2023 10:30:20 INFO  TestListener:34 - *****************************************************************************************
14-08-2023 10:30:20 INFO  TestListener:35 - 	Scenario: Test Create Issue APIs --> FAILED
14-08-2023 10:30:20 INFO  TestListener:36 - *****************************************************************************************
14-08-2023 10:30:20 INFO  TestListener:34 - *****************************************************************************************
14-08-2023 10:30:20 INFO  TestListener:35 - 	Scenario: Test Create Issue APIs --> FAILED
14-08-2023 10:30:20 INFO  TestListener:36 - *****************************************************************************************
14-08-2023 10:32:56 INFO  TestListener:34 - *****************************************************************************************
14-08-2023 10:32:56 INFO  TestListener:35 - 	Scenario: Test Create Issue APIs --> FAILED
14-08-2023 10:32:56 INFO  TestListener:36 - *****************************************************************************************
14-08-2023 10:32:56 INFO  TestListener:34 - *****************************************************************************************
14-08-2023 10:32:56 INFO  TestListener:35 - 	Scenario: Test Create Issue APIs --> FAILED
14-08-2023 10:32:56 INFO  TestListener:36 - *****************************************************************************************
14-08-2023 11:43:22 INFO  TestListener:34 - *****************************************************************************************
14-08-2023 11:43:22 INFO  TestListener:35 - 	Scenario: Test Create Issue APIs --> FAILED
14-08-2023 11:43:22 INFO  TestListener:36 - *****************************************************************************************
14-08-2023 11:43:22 INFO  TestListener:34 - *****************************************************************************************
14-08-2023 11:43:22 INFO  TestListener:35 - 	Scenario: Test Create Issue APIs --> FAILED
14-08-2023 11:43:22 INFO  TestListener:36 - *****************************************************************************************
14-08-2023 14:08:10 INFO  TestListener:34 - *****************************************************************************************
14-08-2023 14:08:10 INFO  TestListener:35 - 	Scenario: Test Create Issue APIs --> FAILED
14-08-2023 14:08:10 INFO  TestListener:36 - *****************************************************************************************
14-08-2023 14:08:10 INFO  TestListener:34 - *****************************************************************************************
14-08-2023 14:08:10 INFO  TestListener:35 - 	Scenario: Test Create Issue APIs --> FAILED
14-08-2023 14:08:10 INFO  TestListener:36 - *****************************************************************************************
14-08-2023 14:10:15 INFO  TestListener:34 - *****************************************************************************************
14-08-2023 14:10:15 INFO  TestListener:35 - 	Scenario: Test Create Issue APIs --> FAILED
14-08-2023 14:10:15 INFO  TestListener:36 - *****************************************************************************************
14-08-2023 14:10:15 INFO  TestListener:34 - *****************************************************************************************
14-08-2023 14:10:15 INFO  TestListener:35 - 	Scenario: Test Create Issue APIs --> FAILED
14-08-2023 14:10:15 INFO  TestListener:36 - *****************************************************************************************
14-08-2023 14:13:53 INFO  TestListener:34 - *****************************************************************************************
14-08-2023 14:13:53 INFO  TestListener:35 - 	Scenario: Get All Stores --> FAILED
14-08-2023 14:13:53 INFO  TestListener:36 - *****************************************************************************************
14-08-2023 14:13:53 INFO  TestListener:34 - *****************************************************************************************
14-08-2023 14:13:53 INFO  TestListener:35 - 	Scenario: Get A Single Store Details --> FAILED
14-08-2023 14:13:53 INFO  TestListener:36 - *****************************************************************************************
14-08-2023 14:13:53 INFO  TestListener:34 - *****************************************************************************************
14-08-2023 14:13:53 INFO  TestListener:35 - 	Scenario: Invoke the store API with limit --> FAILED
14-08-2023 14:13:53 INFO  TestListener:36 - *****************************************************************************************
14-08-2023 14:13:53 INFO  TestListener:34 - *****************************************************************************************
14-08-2023 14:13:53 INFO  TestListener:35 - 	Scenario: Invoke the store API with limit --> FAILED
14-08-2023 14:13:53 INFO  TestListener:36 - *****************************************************************************************
14-08-2023 14:13:53 INFO  TestListener:34 - *****************************************************************************************
14-08-2023 14:13:53 INFO  TestListener:35 - 	Scenario: Invoke the store API with limit --> FAILED
14-08-2023 14:13:53 INFO  TestListener:36 - *****************************************************************************************
